2023-12-11T12:29:23.506Z info: Path: /health | Method: GET | Body: {}
2023-12-11T12:29:47.439Z info: Path: /health | Method: GET | Body: {}
2023-12-11T12:29:48.267Z info: Path: /health | Method: GET | Body: {}
2023-12-11T12:29:49.106Z info: Path: /health | Method: GET | Body: {}
2023-12-11T12:29:49.600Z info: Path: /health | Method: GET | Body: {}
2023-12-11T12:29:50.072Z info: Path: /health | Method: GET | Body: {}
2023-12-11T12:29:50.518Z info: Path: /health | Method: GET | Body: {}
2024-01-02T11:54:23.603Z info: Path: / | Method: GET | Body: {}
2024-01-02T11:54:32.275Z info: Path: / | Method: GET | Body: {}
2024-01-02T11:55:39.433Z info: Path: /login | Method: POST | Body: {"email":"tarek@gmail.com","password":"12345678"}
2024-01-02T11:55:47.914Z info: Path: /login | Method: POST | Body: {"email":"tarek@gmail.com","password":"12345678"}
2024-01-02T11:55:48.546Z info: Path: /login | Method: POST | Body: {"email":"tarek@gmail.com","password":"12345678"}
2024-01-02T11:55:48.791Z info: Path: /login | Method: POST | Body: {"email":"tarek@gmail.com","password":"12345678"}
2024-01-02T11:55:48.955Z info: Path: /login | Method: POST | Body: {"email":"tarek@gmail.com","password":"12345678"}
2024-01-02T11:55:49.120Z info: Path: /login | Method: POST | Body: {"email":"tarek@gmail.com","password":"12345678"}
2024-01-02T11:56:33.534Z info: Path: /login | Method: POST | Body: {"email":"tarek@gmail.com","password":"12345678"}
2024-01-02T11:56:45.035Z info: Path: /login | Method: POST | Body: {"email":"tarek@gmail.com","password":"12345678"}
2024-01-02T11:56:45.988Z info: Path: /login | Method: POST | Body: {"email":"tarek@gmail.com","password":"12345678"}
2024-01-02T11:56:46.320Z info: Path: /login | Method: POST | Body: {"email":"tarek@gmail.com","password":"12345678"}
2024-01-02T11:56:46.476Z info: Path: /login | Method: POST | Body: {"email":"tarek@gmail.com","password":"12345678"}
2024-01-02T11:56:46.659Z info: Path: /login | Method: POST | Body: {"email":"tarek@gmail.com","password":"12345678"}
2024-01-02T11:58:57.612Z info: Path: /login | Method: POST | Body: {"email":"tarek@gmail.com","password":"12345678"}
2024-01-02T11:59:10.473Z info: Path: /login | Method: POST | Body: {}
2024-01-02T11:59:11.168Z info: Path: /login | Method: POST | Body: {}
2024-01-02T11:59:11.496Z info: Path: /login | Method: POST | Body: {}
2024-01-02T11:59:20.440Z info: Path: /login | Method: POST | Body: {"email":"tarek@gmail.com","password":"12345678"}
2024-01-02T11:59:34.150Z info: Path: /login | Method: POST | Body: {"email":"tarek@gmail.com","password":"12345678"}
2024-01-02T12:02:14.982Z info: Path: /login | Method: POST | Body: {"email":"tarek@gmail.com","password":"12345678"}
2024-01-02T12:03:16.953Z info: Path: /login | Method: POST | Body: {"email":"tarek@gmail.com","password":"12345678"}
2024-01-02T12:03:30.184Z info: Path: /login | Method: POST | Body: {"email":"tarek@gmail.com","password":"12345678"}
2024-01-02T12:03:34.529Z info: Path: /login | Method: POST | Body: {"password":"12345678"}
2024-01-02T12:03:41.251Z info: Path: /login | Method: POST | Body: {"email":"tarek@gmail.com","password":"12345678"}
2024-01-02T12:04:01.769Z info: Path: /login | Method: POST | Body: {"email":"tarek@gmail.com","password":"12345678"}
2024-01-02T12:04:08.350Z info: Path: /login | Method: POST | Body: {"email":"tarek@gmail.com","password":"12345678"}
2024-01-02T12:15:40.441Z info: Path: /login | Method: POST | Body: {"email":"tarek@gmail.com","password":"12345678"}
2024-01-02T12:18:42.805Z info: Path: /login | Method: POST | Body: {"email":"tarek@gmail.com","password":"12345678"}
2024-01-02T12:19:12.502Z info: Path: /login | Method: POST | Body: {"email":"tarek@gmail.com","password":"12345678"}
2024-01-02T12:19:21.447Z info: Path: /login | Method: POST | Body: {"email":"tarek@gmail.com","password":"12345678"}
2024-01-02T12:19:47.236Z info: Path: /login | Method: POST | Body: {"email":"tarek@gmail.com","password":"12345678"}
2024-01-02T12:19:59.766Z info: Path: /login | Method: POST | Body: {"email":"tarek@gmail.com","password":"12345678"}
2024-01-02T12:20:32.717Z info: Path: /login | Method: POST | Body: {"email":"tarek@gmail.com","password":"12345678"}
2024-01-02T12:20:42.014Z info: Path: /login | Method: POST | Body: {"email":"tarek@gmail.com","password":"12345678"}
2024-01-02T12:20:42.493Z info: Path: /login | Method: POST | Body: {"email":"tarek@gmail.com","password":"12345678"}
2024-01-02T12:20:42.918Z info: Path: /login | Method: POST | Body: {"email":"tarek@gmail.com","password":"12345678"}
2024-01-02T12:20:43.306Z info: Path: /login | Method: POST | Body: {"email":"tarek@gmail.com","password":"12345678"}
2024-01-02T12:20:44.110Z info: Path: /login | Method: POST | Body: {"email":"tarek@gmail.com","password":"12345678"}
2024-01-02T12:20:44.609Z info: Path: /login | Method: POST | Body: {"email":"tarek@gmail.com","password":"12345678"}
2024-01-02T12:20:45.156Z info: Path: /login | Method: POST | Body: {"email":"tarek@gmail.com","password":"12345678"}
2024-01-02T12:20:45.860Z info: Path: /login | Method: POST | Body: {"email":"tarek@gmail.com","password":"12345678"}
2024-01-02T12:20:46.509Z info: Path: /login | Method: POST | Body: {"email":"tarek@gmail.com","password":"12345678"}
2024-01-02T12:20:46.818Z info: Path: /login | Method: POST | Body: {"email":"tarek@gmail.com","password":"12345678"}
2024-01-02T12:20:46.976Z info: Path: /login | Method: POST | Body: {"email":"tarek@gmail.com","password":"12345678"}
2024-01-02T12:20:47.145Z info: Path: /login | Method: POST | Body: {"email":"tarek@gmail.com","password":"12345678"}
2024-01-02T12:20:47.311Z info: Path: /login | Method: POST | Body: {"email":"tarek@gmail.com","password":"12345678"}
2024-01-02T12:20:47.460Z info: Path: /login | Method: POST | Body: {"email":"tarek@gmail.com","password":"12345678"}
2024-01-02T12:20:47.610Z info: Path: /login | Method: POST | Body: {"email":"tarek@gmail.com","password":"12345678"}
2024-01-02T12:20:47.775Z info: Path: /login | Method: POST | Body: {"email":"tarek@gmail.com","password":"12345678"}
2024-01-02T12:22:02.133Z info: Path: /login | Method: POST | Body: {"email":"tarek@gmail.com","password":"12345678"}
2024-01-02T12:25:52.619Z info: Path: /health | Method: GET | Body: {}
2024-01-02T12:26:17.364Z info: Path: /health | Method: GET | Body: {}
2024-01-02T12:26:35.172Z info: Path: /health | Method: GET | Body: {}
2024-01-02T12:26:43.727Z info: Path: /health | Method: GET | Body: {}
2024-01-02T12:26:54.688Z info: Path: /health | Method: GET | Body: {}
2024-01-02T12:39:44.929Z info: Path: /health | Method: GET | Body: {}
2024-01-02T12:39:47.799Z info: Path: /health | Method: GET | Body: {}
2024-01-02T12:39:51.679Z info: Path: /login | Method: POST | Body: {"email":"tarek@gmail.com","password":"12345678"}
2024-01-02T12:40:52.375Z info: Path: /health | Method: GET | Body: {}
2024-01-02T12:40:53.472Z info: Path: /login | Method: POST | Body: {"email":"tarek@gmail.com","password":"12345678"}
2024-01-02T12:41:48.240Z info: Path: /register | Method: POST | Body: {"email":"tarek@gmail.com","password":"12345678"}
2024-01-02T12:42:04.929Z info: Path: /register | Method: POST | Body: {"email":"tarek@gmail.com","password":"12345678","name":"Tarek","phone":"124125125"}
2024-01-02T12:42:30.359Z info: Path: /register | Method: POST | Body: {"id":"123123","email":"tarek@gmail.com","password":"12345678","name":"Tarek","phone":"124125125"}
2024-01-02T12:43:12.384Z info: Path: /register | Method: POST | Body: {"id":"123123","email":"tarek@gmail.com","password":"12345678","name":"Tarek","phone":"124125125"}
2024-01-02T12:43:18.994Z info: Path: /login | Method: POST | Body: {"email":"tarek@gmail.com","password":"12345678"}
2024-01-02T12:43:21.153Z info: Path: /register | Method: POST | Body: {"id":"123123","email":"tarek@gmail.com","password":"12345678","name":"Tarek","phone":"124125125"}
2024-01-02T12:43:58.329Z info: Path: /register | Method: POST | Body: {"id":"123123","email":"tarek@gmail.com","password":"12345678","name":"Tarek","phone":"124125125"}
2024-01-02T12:43:59.107Z info: Path: /register | Method: POST | Body: {"id":"123123","email":"tarek@gmail.com","password":"12345678","name":"Tarek","phone":"124125125"}
2024-01-02T12:44:01.734Z info: Path: /login | Method: POST | Body: {"email":"tarek@gmail.com","password":"12345678"}
2024-01-02T12:44:44.109Z info: Path: /register | Method: POST | Body: {"id":"123123","email":"tarek@gmail.com","password":"12345678","name":"Tarek","phone":"124125125"}
2024-01-02T12:44:55.941Z info: Path: /register | Method: POST | Body: {"id":"123123","email":"tarek@gmail.com","password":"12345678","name":"Tarek","phone":"124125125"}
2024-01-02T12:45:58.291Z info: Path: / | Method: POST | Body: {}
2024-01-02T12:46:41.175Z info: Path: /users/ | Method: POST | Body: {}
2024-01-02T12:46:46.189Z info: Path: /users | Method: POST | Body: {}
2024-01-02T12:46:55.257Z info: Path: /users | Method: POST | Body: {}
2024-01-02T12:47:16.889Z info: Path: /users/ | Method: POST | Body: {}
2024-01-02T12:47:17.569Z info: Path: /users/ | Method: POST | Body: {}
2024-01-02T12:47:17.753Z info: Path: /users/ | Method: POST | Body: {}
2024-01-02T12:47:23.824Z info: Path: /users | Method: POST | Body: {}
2024-01-02T12:47:25.057Z info: Path: /users | Method: POST | Body: {}
2024-01-02T12:47:25.203Z info: Path: /users | Method: POST | Body: {}
2024-01-02T12:47:25.408Z info: Path: /users | Method: POST | Body: {}
2024-01-02T12:47:28.955Z info: Path: /users/2 | Method: POST | Body: {}
2024-01-02T12:48:04.580Z info: Path: /users | Method: GET | Body: {}
2024-01-02T12:48:05.568Z info: Path: /users | Method: GET | Body: {}
2024-01-02T12:48:06.254Z info: Path: /users | Method: GET | Body: {}
2024-01-02T12:48:06.435Z info: Path: /users | Method: GET | Body: {}
2024-01-02T12:48:06.589Z info: Path: /users | Method: GET | Body: {}
2024-01-02T12:48:06.736Z info: Path: /users | Method: GET | Body: {}
2024-01-02T12:48:06.886Z info: Path: /users | Method: GET | Body: {}
2024-01-02T12:48:16.978Z info: Path: /users | Method: GET | Body: {}
2024-01-02T12:48:17.932Z info: Path: /users | Method: GET | Body: {}
2024-01-02T12:48:18.235Z info: Path: /users | Method: GET | Body: {}
2024-01-02T12:48:18.400Z info: Path: /users | Method: GET | Body: {}
2024-01-02T12:50:03.394Z info: Path: /login | Method: POST | Body: {"email":"tarek@gmail.com","password":"12345678"}
2024-01-02T12:50:05.283Z info: Path: /users | Method: GET | Body: {}
2024-01-02T12:50:06.981Z info: Path: /users/users | Method: GET | Body: {}
2024-01-02T12:51:35.103Z info: Path: /register | Method: POST | Body: {"id":"123123","email":"tarek@gmail.com","password":"12345678","name":"Tarek","phone":"124125125"}
2024-01-02T12:52:24.152Z info: Path: /register | Method: POST | Body: {"id":"123123","email":"tarek@gmail.com","password":"12345678","name":"Tarek","phone":"124125125"}
2024-01-02T16:39:30.076Z info: Path: /health | Method: GET | Body: {}
2024-01-02T16:39:32.575Z info: Path: /login | Method: POST | Body: {"email":"tarek@gmail.com","password":"12345678"}
2024-01-02T16:39:41.497Z info: Path: /login | Method: POST | Body: {"password":"12345678"}
2024-01-02T16:40:17.162Z info: Path: /login | Method: POST | Body: {"email":"tarek@gmail.com","password":"12345678"}
2024-01-02T16:40:22.742Z info: Path: /login | Method: POST | Body: {"password":"12345678"}
2024-01-02T16:40:23.831Z info: Path: /login | Method: POST | Body: {"password":"12345678"}
2024-01-02T16:40:24.605Z info: Path: /login | Method: POST | Body: {"password":"12345678"}
2024-01-02T16:40:37.963Z info: Path: /register | Method: POST | Body: {"id":"123123","email":"tarek@gmail.com","password":"12345678","name":"Tarek","phone":"124125125"}
2024-01-02T16:40:57.054Z info: Path: /register | Method: POST | Body: {"id":"123123","email":"tarek@gmail.com","password":"12345678","name":"Tarek","phone":"124125125"}
2024-01-02T16:41:03.204Z info: Path: /register | Method: POST | Body: {"id":"123123","email":"tarek@gmail.com","password":"12345678","name":"Tarek","phone":"124121242145125"}
2024-01-02T16:41:20.294Z info: Path: /register | Method: POST | Body: {"id":"123123","email":"tarek@gmail.com","password":"12345678","name":"Tarek","phone":"124121242145125"}
2024-01-02T16:41:32.437Z info: Path: /register | Method: POST | Body: {"id":"123123","email":"tarek@gmail.com","password":"12345678","name":"Tarek","phone":"124121242145125"}
2024-01-02T16:41:36.094Z info: Path: /register | Method: POST | Body: {"email":"tarek@gmail.com","password":"12345678","name":"Tarek","phone":"124121242145125"}
2024-01-02T16:41:55.909Z info: Path: /register | Method: POST | Body: {"email":"tarek@gmail.com","password":"12345678","name":"Tarek","phone":"124121242145125"}
2024-01-02T16:41:57.791Z info: Path: /register | Method: POST | Body: {"email":"tarek@gmail.com","password":"12345678","name":"Tarek","phone":"124121242145125"}
2024-01-02T16:41:58.321Z info: Path: /register | Method: POST | Body: {"email":"tarek@gmail.com","password":"12345678","name":"Tarek","phone":"124121242145125"}
2024-01-02T16:42:01.866Z info: Path: /register | Method: POST | Body: {"id":"123123","email":"tarek@gmail.com","password":"12345678","name":"Tarek","phone":"124121242145125"}
2024-01-02T16:42:04.190Z info: Path: /register | Method: POST | Body: {"id":"123123","password":"12345678","name":"Tarek","phone":"124121242145125"}
2024-01-02T16:42:07.918Z info: Path: /register | Method: POST | Body: {"id":"123123","email":"tarek@gmail.com","password":"12345678","name":"Tarek","phone":"124121242145125"}
2024-01-02T16:42:11.571Z info: Path: /register | Method: POST | Body: {"id":"123123","password":"12345678","name":"Tarek","phone":"124121242145125"}
2024-01-02T16:42:33.275Z info: Path: /register | Method: POST | Body: {"id":"123123","email":"tarek@gmail.com","password":"12345678","name":"Tarek","phone":"124121242145125"}
2024-01-02T16:42:34.743Z info: Path: /login | Method: POST | Body: {"email":"tarek@gmail.com","password":"12345678"}
2024-01-02T16:42:36.784Z info: Path: /login | Method: POST | Body: {"password":"12345678"}
2024-01-02T16:43:00.792Z info: Path: /login | Method: POST | Body: {"email":"tarek@gmail.com","password":"12345678"}
2024-01-02T16:43:03.285Z info: Path: /login | Method: POST | Body: {"password":"12345678"}
2024-01-02T16:43:05.924Z info: Path: /login | Method: POST | Body: {"email":"tarek@gmail.com","password":"12345678"}
2024-01-02T16:51:19.880Z info: Path: /health | Method: GET | Body: {}
2024-01-02T16:51:21.554Z info: Path: /register | Method: POST | Body: {"id":"123123","email":"tarek@gmail.com","password":"12345678","name":"Tarek","phone":"124121242145125"}
2024-01-02T16:51:25.573Z info: Path: /register | Method: POST | Body: {"id":"123123","email":"tarek@gmail.com","password":"12345678","name":"Tarek","phone":"124121242145125"}
2024-01-02T16:51:30.220Z info: Path: /login | Method: POST | Body: {"email":"tarek@gmail.com","password":"12345678"}
2024-01-02T16:51:50.993Z info: Path: /login | Method: POST | Body: {"email":"tarek@gmail.com","password":"12345678"}
2024-01-02T16:55:24.526Z info: Path: /login | Method: POST | Body: {"email":"tarek@gmail.com","password":"12345678"}
2024-01-02T16:55:40.691Z info: Path: /login | Method: POST | Body: {"email":"tarek@gmail.com","password":"12345678"}
2024-01-02T16:56:52.090Z info: Path: /login | Method: POST | Body: {"email":"tarek@gmail.com","password":"12345678"}
2024-01-02T16:57:04.095Z info: Path: /login | Method: POST | Body: {"email":"tarek@gmail.com","password":"12345678"}
2024-01-05T09:21:47.692Z info: Path: /foods/1 | Method: DELETE | Body: {}
2024-01-05T09:22:03.203Z info: Path: /foods/1 | Method: DELETE | Body: {}
2024-01-05T09:22:33.116Z info: Path: /foods/1 | Method: DELETE | Body: {}
2024-01-05T09:22:58.296Z info: Path: /foods/1 | Method: DELETE | Body: {}
2024-01-05T09:23:44.871Z info: Path: /foods/1 | Method: DELETE | Body: {}
2024-01-05T09:24:22.642Z info: Path: /foods/1 | Method: DELETE | Body: {}
2024-01-05T09:24:28.132Z info: Path: /foods/1 | Method: DELETE | Body: {}
2024-01-05T09:24:28.763Z info: Path: /foods/1 | Method: DELETE | Body: {}
2024-01-05T09:24:28.944Z info: Path: /foods/1 | Method: DELETE | Body: {}
2024-01-05T09:24:29.110Z info: Path: /foods/1 | Method: DELETE | Body: {}
2024-01-05T09:24:29.253Z info: Path: /foods/1 | Method: DELETE | Body: {}
2024-01-05T09:24:33.016Z info: Path: /foods/1 | Method: GET | Body: {}
2024-01-05T09:24:33.530Z info: Path: /foods/1 | Method: GET | Body: {}
2024-01-05T09:24:33.730Z info: Path: /foods/1 | Method: GET | Body: {}
2024-01-05T09:24:33.894Z info: Path: /foods/1 | Method: GET | Body: {}
2024-01-05T09:24:34.043Z info: Path: /foods/1 | Method: GET | Body: {}
2024-01-05T09:24:34.201Z info: Path: /foods/1 | Method: GET | Body: {}
